==581406== Memcheck, a memory error detector
==581406== Copyright (C) 2002-2017, and GNU GPL'd, by Julian Seward et al.
==581406== Using Valgrind-3.18.1 and LibVEX; rerun with -h for copyright info
==581406== Command: ./philo 200 60 60 60 7
==581406== 
529 34 has taken a fork
536 34 has taken a fork
536 34 is eating
537 9 has taken a fork
537 9 has taken a fork
537 9 is eating
537 19 has taken a fork
537 19 has taken a fork
537 19 is eating
537 3 has taken a fork
537 3 has taken a fork
537 3 is eating
537 21 has taken a fork
537 21 has taken a fork
537 21 is eating
537 11 has taken a fork
537 11 has taken a fork
537 11 is eating
538 18 has taken a fork
538 23 has taken a fork
538 23 has taken a fork
538 23 is eating
538 13 has taken a fork
538 13 has taken a fork
538 13 is eating
538 25 has taken a fork
538 25 has taken a fork
538 25 is eating
538 7 has taken a fork
538 7 has taken a fork
538 7 is eating
538 27 has taken a fork
538 27 has taken a fork
538 27 is eating
538 29 has taken a fork
538 29 has taken a fork
538 29 is eating
538 15 has taken a fork
538 15 has taken a fork
538 15 is eating
539 31 has taken a fork
539 31 has taken a fork
539 31 is eating
539 33 has taken a fork
539 17 has taken a fork
3151 53 has taken a fork
3151 53 has taken a fork
3151 53 is eating
3151 105 has taken a fork
3151 105 has taken a fork
3151 105 is eating
3151 27 is sleeping
3151 55 has taken a fork
3151 55 has taken a fork
3151 55 is eating
3168 15 is sleeping
3168 111 has taken a fork
3168 111 has taken a fork
3168 111 is eating
3169 57 has taken a fork
3169 57 has taken a fork
3169 57 is eating
3169 113 has taken a fork
3169 113 has taken a fork
3169 113 is eating
3169 59 has taken a fork
3169 59 has taken a fork
3169 59 is eating
3169 29 is sleeping
3169 117 has taken a fork
3169 117 has taken a fork
3169 117 is eating
3169 61 has taken a fork
3169 61 has taken a fork
3169 61 is eating
3169 119 has taken a fork
3169 119 has taken a fork
3169 119 is eating
3169 30 has taken a fork
3169 31 is sleeping
3169 63 has taken a fork
3170 63 has taken a fork
3170 63 is eating
3170 2 has taken a fork
3170 123 has taken a fork
3170 123 has taken a fork
3170 123 is eating
3170 125 has taken a fork
3170 125 has taken a fork
3170 125 is eating
3170 32 has taken a fork
3170 65 has taken a fork
3170 65 has taken a fork
3170 65 is eating
3170 127 has taken a fork
3170 127 has taken a fork
3170 127 is eating
3170 129 has taken a fork
3170 129 has taken a fork
3170 129 is eating
3170 67 has taken a fork
3170 67 has taken a fork
3170 67 is eating
3170 131 has taken a fork
3170 131 has taken a fork
3170 131 is eating
3170 5 has taken a fork
3170 5 has taken a fork
3170 5 is eating
3170 69 has taken a fork
3170 69 has taken a fork
3170 69 is eating
3170 135 has taken a fork
3170 135 has taken a fork
3170 135 is eating
3170 37 has taken a fork
3170 37 has taken a fork
3170 37 is eating
3170 137 has taken a fork
3170 137 has taken a fork
3170 137 is eating
3170 71 has taken a fork
3170 71 has taken a fork
3170 71 is eating
3171 9 is sleeping
3171 73 has taken a fork
3171 73 has taken a fork
3171 73 is eating
3171 143 has taken a fork
3171 143 has taken a fork
3171 143 is eating
3171 145 has taken a fork
3171 145 has taken a fork
3171 145 is eating
3171 19 is sleeping
3171 75 has taken a fork
3171 75 has taken a fork
3171 75 is eating
3171 147 has taken a fork
3171 147 has taken a fork
3171 147 is eating
3171 39 has taken a fork
3171 39 has taken a fork
3171 39 is eating
3171 134 has taken a fork
3171 10 has taken a fork
3171 149 has taken a fork
3171 149 has taken a fork
3171 149 is eating
3171 77 has taken a fork
3171 77 has taken a fork
3171 77 is eating
3171 151 has taken a fork
3171 151 has taken a fork
3171 151 is eating
3171 20 has taken a fork
3171 79 has taken a fork
3171 79 has taken a fork
3171 79 is eating
3171 155 has taken a fork
3171 155 has taken a fork
3171 155 is eating
3171 41 has taken a fork
3171 41 has taken a fork
3171 41 is eating
3171 157 has taken a fork
3171 157 has taken a fork
3171 157 is eating
3171 159 has taken a fork
3171 159 has taken a fork
3171 159 is eating
3171 81 has taken a fork
3171 81 has taken a fork
3171 81 is eating
3171 43 has taken a fork
3171 43 has taken a fork
3171 43 is eating
3171 161 has taken a fork
3171 161 has taken a fork
3171 161 is eating
3171 83 has taken a fork
3171 83 has taken a fork
3171 83 is eating
3171 163 has taken a fork
3171 163 has taken a fork
3171 163 is eating
3171 22 has taken a fork
3171 85 has taken a fork
3171 85 has taken a fork
3171 85 is eating
3171 11 is sleeping
3171 45 has taken a fork
3171 45 has taken a fork
3171 45 is eating
3171 169 has taken a fork
3171 169 has taken a fork
3171 169 is eating
3171 87 has taken a fork
3171 87 has taken a fork
3171 87 is eating
3171 171 has taken a fork
3171 171 has taken a fork
3171 171 is eating
3171 23 is sleeping
3171 89 has taken a fork
3171 89 has taken a fork
3171 89 is eating
3171 175 has taken a fork
3171 175 has taken a fork
3171 175 is eating
3171 177 has taken a fork
3171 177 has taken a fork
3171 177 is eating
3172 47 has taken a fork
3172 47 has taken a fork
3172 47 is eating
3172 179 has taken a fork
3172 179 has taken a fork
3172 179 is eating
3172 181 has taken a fork
3172 181 has taken a fork
3172 181 is eating
3172 93 has taken a fork
3172 93 has taken a fork
3172 93 is eating
3172 183 has taken a fork
3172 183 has taken a fork
3172 183 is eating
3172 24 has taken a fork
3172 185 has taken a fork
3172 185 has taken a fork
3172 185 is eating
3172 12 has taken a fork
3172 49 has taken a fork
3172 49 has taken a fork
3172 49 is eating
3172 187 has taken a fork
3172 187 has taken a fork
3172 187 is eating
3172 95 has taken a fork
3172 95 has taken a fork
3172 95 is eating
3172 7 is sleeping
3172 189 has taken a fork
3172 189 has taken a fork
3172 189 is eating
3172 97 has taken a fork
3172 97 has taken a fork
3172 97 is eating
3172 191 has taken a fork
3172 191 has taken a fork
3172 191 is eating
3172 193 has taken a fork
3172 193 has taken a fork
3172 193 is eating
3172 168 has taken a fork
3172 51 has taken a fork
3172 51 has taken a fork
3172 51 is eating
3172 195 has taken a fork
3172 195 has taken a fork
3172 195 is eating
3172 197 has taken a fork
3172 197 has taken a fork
3172 197 is eating
3172 199 has taken a fork
3172 199 has taken a fork
3172 199 is eating
3172 25 is sleeping
3172 102 has taken a fork
3172 102 has taken a fork
3172 102 is eating
3172 107 has taken a fork
3172 107 has taken a fork
3172 107 is eating
3172 109 has taken a fork
3172 109 has taken a fork
3172 109 is eating
3172 104 has taken a fork
3172 1 died
==581406== 
==581406== HEAP SUMMARY:
==581406==     in use at exit: 0 bytes in 0 blocks
==581406==   total heap usage: 202 allocs, 202 frees, 62,864 bytes allocated
==581406== 
==581406== All heap blocks were freed -- no leaks are possible
==581406== 
==581406== For lists of detected and suppressed errors, rerun with: -s
==581406== ERROR SUMMARY: 0 errors from 0 contexts (suppressed: 0 from 0)
